[LOG] 23/11/2021 13:40:11

************* Module api.admin
 api/admin.py:1: convention (C0114, missing-module-docstring, ) Missing module docstring
 api/admin.py:1: warning (W0611, unused-import, ) Unused admin imported from django.contrib
 ************* Module api.apps
 api/apps.py:1: convention (C0114, missing-module-docstring, ) Missing module docstring
 api/apps.py:4: convention (C0115, missing-class-docstring, ApiConfig) Missing class docstring
 ************* Module api.tests
 api/tests.py:1: convention (C0114, missing-module-docstring, ) Missing module docstring
 api/tests.py:1: warning (W0611, unused-import, ) Unused TestCase imported from django.test
 ************* Module api.elastic_queries
 api/elastic_queries.py:34: convention (C0303, trailing-whitespace, ) Trailing whitespace
 api/elastic_queries.py:44: convention (C0303, trailing-whitespace, ) Trailing whitespace
 api/elastic_queries.py:44: convention (C0303, trailing-whitespace, ) Trailing whitespace
 api/elastic_queries.py:48: convention (C0303, trailing-whitespace, ) Trailing whitespace
 api/elastic_queries.py:65: convention (C0303, trailing-whitespace, ) Trailing whitespace
 api/elastic_queries.py:66: convention (C0303, trailing-whitespace, ) Trailing whitespace
 api/elastic_queries.py:69: convention (C0303, trailing-whitespace, ) Trailing whitespace
 api/elastic_queries.py:81: convention (C0303, trailing-whitespace, ) Trailing whitespace
 api/elastic_queries.py:83: convention (C0303, trailing-whitespace, ) Trailing whitespace
 api/elastic_queries.py:85: convention (C0303, trailing-whitespace, ) Trailing whitespace
 api/elastic_queries.py:95: convention (C0304, missing-final-newline, ) Final newline missing
 api/elastic_queries.py:1: convention (C0114, missing-module-docstring, ) Missing module docstring
 api/elastic_queries.py:33: convention (C0103, invalid-name, ElasticSearchQueries.__init__) Attribute name "es" doesn't conform to snake_case naming style
 api/elastic_queries.py:59: error (E1123, unexpected-keyword-arg, ElasticSearchQueries.search_by_name) Unexpected keyword argument 'size' in method call
 api/elastic_queries.py:59: error (E1123, unexpected-keyword-arg, ElasticSearchQueries.search_by_name) Unexpected keyword argument 'from_' in method call
 api/elastic_queries.py:59: error (E1123, unexpected-keyword-arg, ElasticSearchQueries.search_by_name) Unexpected keyword argument '_source' in method call
 api/elastic_queries.py:16: refactor (R0903, too-few-public-methods, ElasticSearchQueries) Too few public methods (1/2)
 ************* Module api.views
 api/views.py:1: convention (C0114, missing-module-docstring, ) Missing module docstring
 api/views.py:17: convention (C0103, invalid-name, RecipesViewSet.list_recipes) Argument name "pk" doesn't conform to snake_case naming style
 api/views.py:17: convention (C0116, missing-function-docstring, RecipesViewSet.list_recipes) Missing function or method docstring
 api/views.py:17: warning (W0613, unused-argument, RecipesViewSet.list_recipes) Unused argument 'request'
 api/views.py:17: warning (W0613, unused-argument, RecipesViewSet.list_recipes) Unused argument 'pk'
 api/views.py:17: refactor (R0201, no-self-use, RecipesViewSet.list_recipes) Method could be a function
 api/views.py:25: warning (W0613, unused-argument, test_route) Unused argument 'request'
 ************* Module api.models
 api/models.py:1: convention (C0114, missing-module-docstring, ) Missing module docstring
 api/models.py:1: warning (W0611, unused-import, ) Unused models imported from django.db
 ************* Module config.urls
 config/urls.py:19: convention (C0411, wrong-import-order, ) third party import "from rest_framework import routers" should be placed before "from api.views import RecipesViewSet, test_route"

 ------------------------------------------------------------------
 Your code has been rated at 3.66/10 (previous run: 3.66/10, +0.00)



[LOG] 23/11/2021 21:43:47

************* Module api.views
 api/views.py:62: warning (W0703, broad-except, RecipesViewSet.search) Catching too general exception Exception
 api/views.py:62: convention (C0103, invalid-name, RecipesViewSet.search) Variable name "e" doesn't conform to snake_case naming style
 api/views.py:22: warning (W0613, unused-argument, RecipesViewSet.search) Unused argument 'request'
 ************* Module api.elastic_queries
 api/elastic_queries.py:44: convention (C0103, invalid-name, ElasticSearchQueries.__init__) Attribute name "es" doesn't conform to snake_case naming style
 api/elastic_queries.py:89: error (E1123, unexpected-keyword-arg, ElasticSearchQueries.search_by_name) Unexpected keyword argument 'size' in method call
 api/elastic_queries.py:89: error (E1123, unexpected-keyword-arg, ElasticSearchQueries.search_by_name) Unexpected keyword argument 'from_' in method call
 api/elastic_queries.py:89: error (E1123, unexpected-keyword-arg, ElasticSearchQueries.search_by_name) Unexpected keyword argument '_source' in method call
 api/elastic_queries.py:127: error (E1123, unexpected-keyword-arg, ElasticSearchQueries.search_by_ingredients) Unexpected keyword argument 'size' in method call
 api/elastic_queries.py:127: error (E1123, unexpected-keyword-arg, ElasticSearchQueries.search_by_ingredients) Unexpected keyword argument 'from_' in method call
 api/elastic_queries.py:127: error (E1123, unexpected-keyword-arg, ElasticSearchQueries.search_by_ingredients) Unexpected keyword argument '_source' in method call

 ------------------------------------------------------------------
 Your code has been rated at 6.09/10 (previous run: 3.66/10, +2.44)
